1595393077252	mozrunner::runner	INFO	Running command: "C:\\Program Files\\Mozilla Firefox\\firefox.exe" "-marionette" "-foreground" "-no-remote" "-profile" "C:\\Users\\veere\\AppData\\Local\\Temp\\rust_mozprofileDZV3uK"
JavaScript error: resource://gre/modules/XULStore.jsm, line 66: Error: Can't find profile directory.
1595393090561	Marionette	INFO	Listening on port 62465
1595393093945	Marionette	WARN	TLS certificate errors will be ignored for this session
1595393146978	Marionette	INFO	Stopped listening on port 62465

###!!! [Child][MessageChannel::SendAndWait] Error: Channel error: cannot send/recv

ile" "C:\\Users\\veere\\AppData\\Local\\Temp\\rust_mozprofile31UUwL"
JavaScript error: resource://gre/modules/XULStore.jsm, line 66: Error: Can't find profile directory.
1595393139899	Marionette	INFO	Listening on port 62539
1595393145269	Marionette	WARN	TLS certificate errors will be ignored for this session
1595393171446	Marionette	INFO	Stopped listening on port 62539

###!!! [Child][RunMessage] Error: Channel closing: too late to send/recv, messages will be lost


###!!! [Child][MessageChannel::SendAndWait] Error: Channel error: cannot send/recv

/modules/XULStore.jsm, line 66: Error: Can't find profile directory.
1595393178224	Marionette	INFO	Listening on port 62598
1595393178382	Marionette	WARN	TLS certificate errors will be ignored for this session
console.error: "Store does not have a valid reducer. Make sure the argument passed to combineReducers is an object whose values are reducers."
console.error: "Store does not have a valid reducer. Make sure the argument passed to combineReducers is an object whose values are reducers."
console.error: "Store does not have a valid reducer. Make sure the argument passed to combineReducers is an object whose values are reducers."
console.error: "Store does not have a valid reducer. Make sure the argument passed to combineReducers is an object whose values are reducers."
console.error: "Store does not have a valid reducer. Make sure the argument passed to combineReducers is an object whose values are reducers."
console.error: "Error while calling actor 'pagestyle's method 'getApplied'" "node is null"
console.error: "getApplied@resource://devtools/server/actors/styles.js:587:5\nhandler@resource://devtools/shared/protocol/Actor.js:162:37\nonPacket@resource://devtools/server/devtools-server-connection.js:380:58\nreceiveMessage@resource://devtools/shared/transport/child-transport.js:66:16\n"
JavaScript error: , line 0: NS_ERROR_NOT_AVAILABLE
1595393934635	Marionette	INFO	Stopped listening on port 62598

###!!! [Child][RunMessage] Error: Channel closing: too late to send/recv, messages will be lost


###!!! [Child][MessageChannel::SendAndWait] Error: Channel error: cannot send/recv

1595395581294	mozrunner::runner	INFO	Running command: "C:\\Program Files\\Mozilla Firefox\\firefox.exe" "-marionette" "-foreground" "-no-remote" "-profile" "C:\\Users\\veere\\AppData\\Local\\Temp\\rust_mozprofileI4hcss"
JavaScript error: resource://gre/modules/XULStore.jsm, line 66: Error: Can't find profile directory.

###!!! [Child][RunMessage] Error: Channel closing: too late to send/recv, messages will be lost

1595395593672	Marionette	INFO	Listening on port 62902
1595395593896	Marionette	WARN	TLS certificate errors will be ignored for this session
1595395609547	Marionette	INFO	Stopped listening on port 62902

###!!! [Child][MessageChannel::SendAndWait] Error: Channel error: cannot send/recv

1595395789320	mozrunner::runner	INFO	Running command: "C:\\Program Files\\Mozilla Firefox\\firefox.exe" "-marionette" "-foreground" "-no-remote" "-profile" "C:\\Users\\veere\\AppData\\Local\\Temp\\rust_mozprofile1p2jq4"
JavaScript error: resource://gre/modules/XULStore.jsm, line 66: Error: Can't find profile directory.
1595395804509	Marionette	INFO	Listening on port 63032
1595395804601	Marionette	WARN	TLS certificate errors will be ignored for this session
console.error: "Store does not have a valid reducer. Make sure the argument passed to combineReducers is an object whose values are reducers."
JavaScript error: , line 0: NS_ERROR_NOT_AVAILABLE
1595397067509	Marionette	INFO	Stopped listening on port 63032

###!!! [Child][RunMessage] Error: Channel closing: too late to send/recv, messages will be lost


###!!! [Child][MessageChannel::SendAndWait] Error: Channel error: cannot send/recv

1595397161746	mozrunner::runner	INFO	Running command: "C:\\Program Files\\Mozilla Firefox\\firefox.exe" "-marionette" "-foreground" "-no-remote" "-profile" "C:\\Users\\veere\\AppData\\Local\\Temp\\rust_mozprofileL3DzCw"
JavaScript error: resource://gre/modules/XULStore.jsm, line 66: Error: Can't find profile directory.

###!!! [Child][MessageChannel] Error: (msgtype=0x39012F,name=PContent::Msg_AsyncMessage) Channel closing: too late to send/recv, messages will be lost

1595397173124	Marionette	INFO	Listening on port 63261
1595397173411	Marionette	WARN	TLS certificate errors will be ignored for this session
JavaScript error: , line 0: NS_ERROR_NOT_AVAILABLE
1595398607076	Marionette	INFO	Stopped listening on port 63261

###!!! [Child][RunMessage] Error: Channel closing: too late to send/recv, messages will be lost


###!!! [Child][MessageChannel::SendAndWait] Error: Channel error: cannot send/recv

1595398611046	mozrunner::runner	INFO	Running command: "C:\\Program Files\\Mozilla Firefox\\firefox.exe" "-marionette" "-foreground" "-no-remote" "-profile" "C:\\Users\\veere\\AppData\\Local\\Temp\\rust_mozprofiletjrCuB"
JavaScript error: resource://gre/modules/XULStore.jsm, line 66: Error: Can't find profile directory.
1595398624134	Marionette	INFO	Listening on port 63496
1595398624210	Marionette	WARN	TLS certificate errors will be ignored for this session
console.error: "Store does not have a valid reducer. Make sure the argument passed to combineReducers is an object whose values are reducers."
1595398762866	Marionette	INFO	Stopped listening on port 63496

###!!! [Child][RunMessage] Error: Channel closing: too late to send/recv, messages will be lost


###!!! [Child][MessageChannel::SendAndWait] Error: Channel error: cannot send/recv

1595398770801	mozrunner::runner	INFO	Running command: "C:\\Program Files\\Mozilla Firefox\\firefox.exe" "-marionette" "-foreground" "-no-remote" "-profile" "C:\\Users\\veere\\AppData\\Local\\Temp\\rust_mozprofiletyifPY"
JavaScript error: resource://gre/modules/XULStore.jsm, line 66: Error: Can't find profile directory.
1595398783821	Marionette	INFO	Listening on port 63574
1595398783997	Marionette	WARN	TLS certificate errors will be ignored for this session
1595398888452	Marionette	INFO	Stopped listening on port 63574

###!!! [Child][RunMessage] Error: Channel closing: too late to send/recv, messages will be lost


###!!! [Child][MessageChannel::SendAndWait] Error: Channel error: cannot send/recv

/modules/XULStore.jsm, line 66: Error: Can't find profile directory.

###!!! [Child][RunMessage] Error: Channel closing: too late to send/recv, messages will be lost

1595398836845	Marionette	INFO	Listening on port 63637
1595398836988	Marionette	WARN	TLS certificate errors will be ignored for this session
1595398889252	Marionette	INFO	Stopped listening on port 63637

###!!! [Child][RunMessage] Error: Channel closing: too late to send/recv, messages will be lost


###!!! [Child][MessageChannel::SendAndWait] Error: ChaJavaScript error: resource://gre/modules/XULStore.jsm, line 66: Error: Can't find profile directory.

###!!! [Child][MessageChannel] Error: (msgtype=0x39012F,name=PContent::Msg_AsyncMessage) Channel closing: too late to send/recv, messages will be lost

1595398903641	Marionette	INFO	Listening on port 63707
1595398903718	Marionette	WARN	TLS certificate errors will be ignored for this session
1595399108923	Marionette	INFO	Stopped listening on port 63707

###!!! [Child][RunMessage] Error: Channel closing: too late to send/recv, messages will be lost


###!!! [Child][MessageChannel::SendAndWait] Error: Channel error: cannot send/recv

1595399484030	mozrunner::runner	INFO	Running command: "C:\\Program Files\\Mozilla Firefox\\firefox.exe" "-marionette" "-foreground" "-no-remote" "-profile" "C:\\Users\\veere\\AppData\\Local\\Temp\\rust_mozprofilehpydrl"
JavaScript error: resource://gre/modules/XULStore.jsm, line 66: Error: Can't find profile directory.
1595399497107	Marionette	INFO	Listening on port 63954
1595399500887	Marionette	WARN	TLS certificate errors will be ignored for this session
1595400076365	Marionette	INFO	Stopped listening on port 63954

###!!! [Child][MessageChannel::SendAndWait] Error: Channel error: cannot send/recv

1595400104555	mozrunner::runner	INFO	Running command: "C:\\Program Files\\Mozilla Firefox\\firefox.exe" "-marionette" "-foreground" "-no-remote" "-profile" "C:\\Users\\veere\\AppData\\Local\\Temp\\rust_mozprofileOVsCr9"
JavaScript error: resource://gre/modules/XULStore.jsm, line 66: Error: Can't find profile directory.
1595400119383	Marionette	INFO	Listening on port 64083
1595400119845	Marionette	WARN	TLS certificate errors will be ignored for this session
1595400415469	Marionette	INFO	Stopped listening on port 64083

###!!! [Child][MessageChannel::SendAndWait] Error: Channel error: cannot send/recv

1595400536304	mozrunner::runner	INFO	Running command: "C:\\Program Files\\Mozilla Firefox\\firefox.exe" "-marionette" "-foreground" "-no-remote" "-profile" "C:\\Users\\veere\\AppData\\Local\\Temp\\rust_mozprofileOjF8ef"
JavaScript error: resource://gre/modules/XULStore.jsm, line 66: Error: Can't find profile directory.
1595400547699	Marionette	INFO	Listening on port 64199
1595400547915	Marionette	WARN	TLS certificate errors will be ignored for this session
JavaScript error: , line 0: NS_ERROR_NOT_AVAILABLE
console.error: "Store does not have a valid reducer. Make sure the argument passed to combineReducers is an object whose values are reducers."
1595403444348	Marionette	INFO	Stopped listening on port 64199

###!!! [Child][RunMessage] Error: Channel closing: too late to send/recv, messages will be lost


###!!! [Child][MessageChannel::SendAndWait] Error: Channel error: cannot send/recv

/modules/XULStore.jsm, line 66: Error: Can't find profile directory.
1595403369174	Marionette	INFO	Listening on port 64598
1595403369722	Marionette	WARN	TLS certificate errors will be ignored for this session
1595403445582	Marionette	INFO	Stopped listening on port 64598

###!!! [Child][RunMessage] Error: Channel closing: too late to send/recv, messages will be lost


###!!! [Child][MessageChannel::SendAndWait] Error: Channel error: cannot send/recv

1595403533032	mozrunner::runner	INFO	Running command: "C:\\Program Files\\Mozilla Firefox\\firefox.exe" "-marionette" "-foreground" "-no-remote" "-profile" "C:\\Users\\veere\\AppData\\Local\\Temp\\rust_mozprofileCF6RFG"
JavaScript error: resource://gre/modules/XULStore.jsm, line 66: Error: Can't find profile directory.
1595403547773	Marionette	INFO	Listening on port 64687
1595403547798	Marionette	WARN	TLS certificate errors will be ignored for this session
1595403744248	Marionette	INFO	Stopped listening on port 64687

###!!! [Child][RunMessage] Error: Channel closing: too late to send/recv, messages will be lost


###!!! [Child][MessageChannel::SendAndWait] Error: Channel error: cannot send/recv

1595405535470	mozrunner::runner	INFO	Running command: "C:\\Program Files\\Mozilla Firefox\\firefox.exe" "-marionette" "-foreground" "-no-remote" "-profile" "C:\\Users\\veere\\AppData\\Local\\Temp\\rust_mozprofilexLYiPl"
JavaScript error: resource://gre/modules/XULStore.jsm, line 66: Error: Can't find profile directory.

###!!! [Child][MessageChannel] Error: (msgtype=0x39012F,name=PContent::Msg_AsyncMessage) Channel closing: too late to send/recv, messages will be lost

1595405549250	Marionette	INFO	Listening on port 64981
1595405549654	Marionette	WARN	TLS certificate errors will be ignored for this session
JavaScript error: , line 0: NS_ERROR_NOT_AVAILABLE
A content process crashed and MOZ_CRASHREPORTER_SHUTDOWN is set, shutting down
[Parent 13280, Gecko_IOThread] WARNING: file /builds/worker/checkouts/gecko/ipc/chromium/src/base/process_util_win.cc, line 166
XULStore.jsm, line 66: Error: Can't find profile directory.
1595405725149	Marionette	INFO	Listening on port 65080
1595405725531	Marionette	WARN	TLS certificate errors will be ignored for this session
JavaScript error: , line 0: NS_ERROR_NOT_AVAILABLE

###!!! [Parent][MessageChannel] Error: (msgtype=0x39012F,name=PContent::Msg_AsyncMessage) Channel error: cannot send/recv

A content process crashed and MOZ_CRASHREPORTER_SHUTDOWN is set, shutting down
[Parent 5720, Gecko_IOThread] WARNING: file /builds/worker/checkouts/gecko/ipc/chromium/src/base/process_util_win.cc, line 166
1595698361734	mozrunner::runner	INFO	Running command: "C:\\Program Files\\Mozilla Firefox\\firefox.exe" "-marionette" "-foreground" "-no-remote" "-profile" "C:\\Users\\veere\\AppData\\Local\\Temp\\rust_mozprofileFkj5uc"
JavaScript error: resource://gre/modules/XULStore.jsm, line 66: Error: Can't find profile directory.
1595698383174	Marionette	INFO	Listening on port 51119
1595698383784	Marionette	WARN	TLS certificate errors will be ignored for this session
1595698715516	Marionette	INFO	Stopped listening on port 51119

###!!! [Child][MessageChannel::SendAndWait] Error: Channel error: cannot send/recv

ile" "C:\\Users\\veere\\AppData\\Local\\Temp\\rust_mozprofile70vuO0"
JavaScript error: resource://gre/modules/XULStore.jsm, line 66: Error: Can't find profile directory.
console.error: "Could not write session state file " (new Error("_initWorker called too early! Please read the session file from disk first.", "resource:///modules/sessionstore/SessionFile.jsm", 375)) "_initWorker/<@resource:///modules/sessionstore/SessionFile.jsm:375:15\n_initWorker@resource:///modules/sessionstore/SessionFile.jsm:368:12\n_postToWorker@resource:///modules/sessionstore/SessionFile.jsm:410:16\nwrite@resource:///modules/sessionstore/SessionFile.jsm:448:24\nwrite@resource:///modules/sessionstore/SessionFile.jsm:75:32\n_writeState@resource:///modules/sessionstore/SessionSaver.jsm:360:24\n_saveState@resource:///modules/sessionstore/SessionSaver.jsm:294:17\n_saveStateAsync@resource:///modules/sessionstore/SessionSaver.jsm:344:10\nsaveStateAsyncWhenIdle@resource:///modules/sessionstore/SessionSaver.jsm:191:14\ncallback@resource://gre/modules/Timer.jsm:127:16\n"
1595698466250	Marionette	INFO	Listening on port 51189
1595698700704	Marionette	INFO	Stopped listening on port 51189

###!!! [Child][RunMessage] Error: Channel closing: too late to send/recv, messages will be lost


###!!! [Child][MessageChannel::SendAndWait] Error: Channel error: cannot send/recv

1595698720625	mozrunner::runner	INFO	Running command: "C:\\Program Files\\Mozilla Firefox\\firefox.exe" "-marionette" "-foreground" "-no-remote" "-profile" "C:\\Users\\veere\\AppData\\Local\\Temp\\rust_mozprofileetxb4L"
JavaScript error: resource://gre/modules/XULStore.jsm, line 66: Error: Can't find profile directory.

###!!! [Child][MessageChannel] Error: (msgtype=0x3900C2,name=PContent::Msg_ScriptErrorWithStack) Channel closing: too late to send/recv, messages will be lost

1595698741792	Marionette	INFO	Listening on port 51361
1595698742169	Marionette	WARN	TLS certificate errors will be ignored for this session
JavaScript error: , line 0: NS_ERROR_NOT_AVAILABLE
1595738380026	Marionette	INFO	Stopped listening on port 51361

###!!! [Child][RunMessage] Error: Channel closing: too late to send/recv, messages will be lost


###!!! [Child][MessageChannel::SendAndWait] Error: Channel error: cannot send/recv

1599752021644	geckodriver	INFO	Listening on 127.0.0.1:63976
1599752024721	mozrunner::runner	INFO	Running command: "C:\\Program Files\\Mozilla Firefox\\firefox.exe" "--marionette" "-foreground" "-no-remote" "-profile" "C:\\Users\\veere\\AppData\\Local\\Temp\\rust_mozprofileM7HMBv"
JavaScript error: resource://gre/modules/XULStore.jsm, line 66: Error: Can't find profile directory.
console.error: SearchCache: "_readCacheFile: Error reading cache file:" (new Error("", "(unknown module)"))

###!!! [Child][RunMessage] Error: Channel closing: too late to send/recv, messages will be lost

1599752034969	Marionette	INFO	Listening on port 63984
1599752035376	Marionette	WARN	TLS certificate errors will be ignored for this session
1599752587887	Marionette	INFO	Stopped listening on port 63984

###!!! [Child][RunMessage] Error: Channel closing: too late to send/recv, messages will be lost


###!!! [Child][MessageChannel::SendAndWait] Error: Channel error: cannot send/recv

